<?xml version="1.0" encoding="UTF-8"?>
<testsuite xmlns:xsi="http://www.w3.org/2001/XMLSchema-instance" xsi:noNamespaceSchemaLocation="https://maven.apache.org/surefire/maven-surefire-plugin/xsd/surefire-test-report-3.0.xsd" version="3.0" name="com.checkers.logic.GameServiceRulesTest" time="0.011" tests="8" errors="0" skipped="0" failures="0">
  <properties>
[...]
</properties>
  <testcase name="single_capture_white_c3_over_d4_to_e5" classname="com.checkers.logic.GameServiceRulesTest" time="0.0"/>
  <testcase name="promotion_to_king_on_back_rank" classname="com.checkers.logic.GameServiceRulesTest" time="0.001"/>
  <testcase name="white_c3_to_d4_is_valid_and_turn_switches" classname="com.checkers.logic.GameServiceRulesTest" time="0.001"/>
  <testcase name="black_forward_uses_plain_lr" classname="com.checkers.logic.GameServiceRulesTest" time="0.001"/>
  <testcase name="king_can_move_backward" classname="com.checkers.logic.GameServiceRulesTest" time="0.001"/>
  <testcase name="non_king_cannot_move_backward" classname="com.checkers.logic.GameServiceRulesTest" time="0.002"/>
  <testcase name="simple_move_allowed_even_if_another_capture_exists" classname="com.checkers.logic.GameServiceRulesTest" time="0.0"/>
  <testcase name="multi_capture_chain_continues_with_same_piece" classname="com.checkers.logic.GameServiceRulesTest" time="0.001"/>
</testsuite>