<?xml version="1.0" encoding="UTF-8"?>
<testsuite xmlns:xsi="http://www.w3.org/2001/XMLSchema-instance" xsi:noNamespaceSchemaLocation="https://maven.apache.org/surefire/maven-surefire-plugin/xsd/surefire-test-report-3.0.xsd" version="3.0" name="com.checkers.logic.GameServiceRulesTest" time="0.012" tests="7" errors="0" skipped="0" failures="0">
  <properties>
[...]
</properties>
  <testcase name="promotion_to_king_on_back_rank" classname="com.checkers.logic.GameServiceRulesTest" time="0.001">
    <system-out><![CDATA[15:56:18.696 DEBUG c.c.l.GameService - Move WHITE g7 -> h8
15:56:18.696 INFO  c.c.l.GameService - Promotion: WHITE crowned at h8
15:56:18.696 DEBUG c.c.l.GameService - Turn ended. Next to move: BLACK
]]></system-out>
  </testcase>
  <testcase name="multiple_capture_chain" classname="com.checkers.logic.GameServiceRulesTest" time="0.002">
    <system-out><![CDATA[15:56:18.697 DEBUG c.c.l.GameService - Capture BLACK g7 x f6 -> e5
15:56:18.698 DEBUG c.c.l.GameService - Capture chain continues for the same piece.
15:56:18.698 DEBUG c.c.l.GameService - Capture BLACK e5 x d4 -> c3
15:56:18.698 DEBUG c.c.l.GameService - Turn ended. Next to move: WHITE
]]></system-out>
  </testcase>
  <testcase name="invalid_horizontal_move_rejected" classname="com.checkers.logic.GameServiceRulesTest" time="0.002">
    <system-out><![CDATA[15:56:18.699 DEBUG c.c.l.GameService - Illegal: direction must be 'l' or 'r' (got x)
]]></system-out>
  </testcase>
  <testcase name="black_forward_uses_plain_lr" classname="com.checkers.logic.GameServiceRulesTest" time="0.002">
    <system-out><![CDATA[15:56:18.701 DEBUG c.c.l.GameService - Move BLACK b6 -> a5
15:56:18.702 DEBUG c.c.l.GameService - Turn ended. Next to move: WHITE
]]></system-out>
  </testcase>
  <testcase name="king_can_move_backward" classname="com.checkers.logic.GameServiceRulesTest" time="0.001">
    <system-out><![CDATA[15:56:18.705 DEBUG c.c.l.GameService - Move WHITE d4 -> c3
15:56:18.705 DEBUG c.c.l.GameService - Turn ended. Next to move: BLACK
]]></system-out>
  </testcase>
  <testcase name="white_c3_to_d4_is_valid" classname="com.checkers.logic.GameServiceRulesTest" time="0.001">
    <system-out><![CDATA[15:56:18.706 DEBUG c.c.l.GameService - Move WHITE c3 -> d4
15:56:18.706 DEBUG c.c.l.GameService - Turn ended. Next to move: BLACK
]]></system-out>
  </testcase>
  <testcase name="may_ignore_available_capture_when_not_in_chain" classname="com.checkers.logic.GameServiceRulesTest" time="0.001">
    <system-out><![CDATA[15:56:18.707 DEBUG c.c.l.GameService - Move WHITE a3 -> b4
15:56:18.707 DEBUG c.c.l.GameService - Turn ended. Next to move: BLACK
]]></system-out>
  </testcase>
</testsuite>